#-----------------------------------------------------------
# Vivado v2017.4 (64-bit)
# SW Build 2086221 on Fri Dec 15 20:55:39 MST 2017
# IP Build 2085800 on Fri Dec 15 22:25:07 MST 2017
# Start of session at: Sat Jun 30 20:01:44 2018
# Process ID: 14812
# Current directory: C:/Users/Adrion/Desktop/AsyncComponents/add_join
# Command line: vivado.exe -gui_launcher_event rodinguilauncherevent17224 C:\Users\Adrion\Desktop\AsyncComponents\add_join\tmp_edit_project.xpr
# Log file: C:/Users/Adrion/Desktop/AsyncComponents/add_join/vivado.log
# Journal file: C:/Users/Adrion/Desktop/AsyncComponents/add_join\vivado.jou
#-----------------------------------------------------------
start_guioopen_project C:/Users/Adrion/Desktop/AsyncComponents/add_join/tmp_edit_project.xpr
Scanning sources...
Finished scanning sources
INFO: [IP_Flow 19-234] Refreshing IP repositories
INFO: [IP_Flow 19-1700] Loaded user IP repository 'c:/Users/Adrion/Desktop/AsyncComponents/add_join'.
INFO: [IP_Flow 19-1700] Loaded user IP repository 'c:/Users/Adrion/AppData/Roaming/Xilinx/ip_repo'.IINFO: [IP_Flow 19-2313] Loaded Vivado IP repository 'C:/Xilinx/Vivado/2017.4/data/ip'.open_project: Time (s): cpu = 00:00:16 ; elapsed = 00:00:17 . Memory (MB): peak = 709.227 ; gain = 61.727
update_compile_order -fileset sources_1
eipx::package_project -root_dir c:/users/adrion/desktop/asynccomponents/add_join -vendor xilinx.com -library click_components -taxonomy /UserIP -force
INFO: [IP_Flow 19-1976] HDL Parser: Replacing 'DATA_WIDTH' by 32 for port or parameter 'DATA_WIDTH'
INFO: [IP_Flow 19-1976] HDL Parser: Replacing 'DATA_WIDTH' by 32 for port or parameter 'a_data_in'
INFO: [IP_Flow 19-1976] HDL Parser: Replacing 'DATA_WIDTH' by 32 for port or parameter 'b_data_in'
INFO: [IP_Flow 19-1976] HDL Parser: Replacing 'DATA_WIDTH' by 32 for port or parameter 'c_data_out'
INFO: [IP_Flow 19-5107] Inferred bus interface 'a_in' of definition 'xilinx.com:click_components:async_2ph_ch:1.0' (from User Repositories).
INFO: [IP_Flow 19-5107] Inferred bus interface 'a_out' of definition 'xilinx.com:click_components:async_2ph_ch:1.0' (from User Repositories).
INFO: [IP_Flow 19-5107] Inferred bus interface 'b_in' of definition 'xilinx.com:click_components:async_2ph_ch:1.0' (from User Repositories).
INFO: [IP_Flow 19-5107] Inferred bus interface 'b_out' of definition 'xilinx.com:click_components:async_2ph_ch:1.0' (from User Repositories).
INFO: [IP_Flow 19-5107] Inferred bus interface 'c_in' of definition 'xilinx.com:click_components:async_2ph_ch:1.0' (from User Repositories).
INFO: [IP_Flow 19-5107] Inferred bus interface 'c_out' of definition 'xilinx.com:click_components:async_2ph_ch:1.0' (from User Repositories).
INFO: [IP_Flow 19-4753] Inferred signal 'reset' from port 'rst' as interface 'rst'.
ipx::package_project: Time (s): cpu = 00:00:03 ; elapsed = 00:00:07 . Memory (MB): peak = 801.363 ; gain = 10.707
set_property name a_ctrl_in [ipx::get_bus_interfaces a_in -of_objects [ipx::current_core]]
ipx::add_port_map ack [ipx::get_bus_interfaces a_ctrl_in -of_objects [ipx::current_core]]
set_property physical_name a_ack_out [ipx::get_port_maps ack -of_objects [ipx::get_bus_interfaces a_ctrl_in -of_objects [ipx::current_core]]]
ipx::remove_bus_interface a_out [ipx::current_core]
set_property name b_ctrl_in [ipx::get_bus_interfaces b_in -of_objects [ipx::current_core]]
ipx::add_port_map ack [ipx::get_bus_interfaces b_ctrl_in -of_objects [ipx::current_core]]
set_property physical_name b_ack_out [ipx::get_port_maps ack -of_objects [ipx::get_bus_interfaces b_ctrl_in -of_objects [ipx::current_core]]]
ipx::remove_bus_interface b_out [ipx::current_core]
set_property name c_ctrl_out [ipx::get_bus_interfaces c_in -of_objects [ipx::current_core]]
ipx::add_port_map req [ipx::get_bus_interfaces c_ctrl_out -of_objects [ipx::current_core]]
set_property physical_name c_req_out [ipx::get_port_maps req -of_objects [ipx::get_bus_interfaces c_ctrl_out -of_objects [ipx::current_core]]]
ipx::remove_bus_interface rst [ipx::current_core]
ipx::remove_bus_interface c_out [ipx::current_core]
set_property core_revision 2 [ipx::current_core]
ipx::create_xgui_files [ipx::current_core]
ipx::update_checksums [ipx::current_core]
ipx::save_core [ipx::current_core]
update_ip_catalog -rebuild -repo_path c:/Users/Adrion/Desktop/AsyncComponents/add_join
INFO: [IP_Flow 19-725] Reloaded user IP repository 'c:/Users/Adrion/Desktop/AsyncComponents/add_join'
ipx::check_integrity -quiet [ipx::current_core]
ipx::archive_core {c:\users\adrion\desktop\asynccomponents\add_join\xilinx.com_click_components_async_add_1.0.zip} [ipx::current_core]
exit
INFO: [Common 17-206] Exiting Vivado at Sat Jun 30 20:41:34 2018...
